mode: set
golang-backend-test/app/services/author_service.go:29.98,34.2 1 1
golang-backend-test/app/services/author_service.go:36.129,38.16 2 1
golang-backend-test/app/services/author_service.go:38.16,40.3 1 1
golang-backend-test/app/services/author_service.go:42.2,46.8 1 1
golang-backend-test/app/services/author_service.go:50.121,52.16 2 1
golang-backend-test/app/services/author_service.go:52.16,54.3 1 1
golang-backend-test/app/services/author_service.go:55.2,56.33 2 1
golang-backend-test/app/services/author_service.go:56.33,62.3 1 1
golang-backend-test/app/services/author_service.go:63.2,63.29 1 1
golang-backend-test/app/services/author_service.go:66.117,69.16 3 1
golang-backend-test/app/services/author_service.go:69.16,72.47 3 1
golang-backend-test/app/services/author_service.go:72.47,75.4 2 1
golang-backend-test/app/services/author_service.go:76.3,76.60 1 1
golang-backend-test/app/services/author_service.go:79.2,82.16 4 1
golang-backend-test/app/services/author_service.go:82.16,84.3 1 0
golang-backend-test/app/services/author_service.go:85.2,86.87 2 1
golang-backend-test/app/services/author_service.go:86.87,88.3 1 1
golang-backend-test/app/services/author_service.go:90.2,90.12 1 1
golang-backend-test/app/services/author_service.go:93.152,96.16 3 1
golang-backend-test/app/services/author_service.go:96.16,99.47 3 1
golang-backend-test/app/services/author_service.go:99.47,102.4 2 1
golang-backend-test/app/services/author_service.go:103.3,103.65 1 1
golang-backend-test/app/services/author_service.go:106.2,114.87 6 1
golang-backend-test/app/services/author_service.go:114.87,116.3 1 1
golang-backend-test/app/services/author_service.go:118.2,122.8 1 1
golang-backend-test/app/services/author_service.go:125.99,127.16 2 1
golang-backend-test/app/services/author_service.go:127.16,129.3 1 1
golang-backend-test/app/services/author_service.go:131.2,131.12 1 1
golang-backend-test/app/services/book_service.go:28.138,34.2 1 1
golang-backend-test/app/services/book_service.go:36.123,38.16 2 1
golang-backend-test/app/services/book_service.go:38.16,40.3 1 1
golang-backend-test/app/services/book_service.go:42.2,51.8 1 1
golang-backend-test/app/services/book_service.go:55.115,57.16 2 1
golang-backend-test/app/services/book_service.go:57.16,59.3 1 1
golang-backend-test/app/services/book_service.go:60.2,61.29 2 1
golang-backend-test/app/services/book_service.go:61.29,72.3 1 1
golang-backend-test/app/services/book_service.go:73.2,73.27 1 1
golang-backend-test/app/services/book_service.go:76.111,79.16 3 1
golang-backend-test/app/services/book_service.go:79.16,82.47 3 1
golang-backend-test/app/services/book_service.go:82.47,85.4 2 1
golang-backend-test/app/services/book_service.go:86.3,86.60 1 1
golang-backend-test/app/services/book_service.go:89.2,93.81 5 1
golang-backend-test/app/services/book_service.go:93.81,95.3 1 1
golang-backend-test/app/services/book_service.go:97.2,97.12 1 1
golang-backend-test/app/services/book_service.go:100.144,103.16 3 1
golang-backend-test/app/services/book_service.go:103.16,106.47 3 1
golang-backend-test/app/services/book_service.go:106.47,109.4 2 1
golang-backend-test/app/services/book_service.go:110.3,110.65 1 1
golang-backend-test/app/services/book_service.go:113.2,114.16 2 1
golang-backend-test/app/services/book_service.go:114.16,116.3 1 1
golang-backend-test/app/services/book_service.go:118.2,124.81 6 1
golang-backend-test/app/services/book_service.go:124.81,126.3 1 1
golang-backend-test/app/services/book_service.go:128.2,137.8 1 1
golang-backend-test/app/services/book_service.go:140.95,142.16 2 1
golang-backend-test/app/services/book_service.go:142.16,144.3 1 1
golang-backend-test/app/services/book_service.go:146.2,146.12 1 1
golang-backend-test/app/services/user_service.go:26.90,31.2 1 1
golang-backend-test/app/services/user_service.go:33.110,36.16 3 1
golang-backend-test/app/services/user_service.go:36.16,39.47 3 1
golang-backend-test/app/services/user_service.go:39.47,42.4 2 1
golang-backend-test/app/services/user_service.go:43.3,43.60 1 1
golang-backend-test/app/services/user_service.go:46.2,47.21 2 1
golang-backend-test/app/services/user_service.go:47.21,49.3 1 0
golang-backend-test/app/services/user_service.go:51.2,52.16 2 1
golang-backend-test/app/services/user_service.go:52.16,54.3 1 0
golang-backend-test/app/services/user_service.go:56.2,59.81 4 1
golang-backend-test/app/services/user_service.go:59.81,61.3 1 0
golang-backend-test/app/services/user_service.go:63.2,63.12 1 1
golang-backend-test/app/services/user_service.go:66.131,69.16 3 1
golang-backend-test/app/services/user_service.go:69.16,72.47 3 1
golang-backend-test/app/services/user_service.go:72.47,75.4 2 1
golang-backend-test/app/services/user_service.go:76.3,76.65 1 1
golang-backend-test/app/services/user_service.go:79.2,80.16 2 1
golang-backend-test/app/services/user_service.go:80.16,82.3 1 1
golang-backend-test/app/services/user_service.go:84.2,85.12 2 1
golang-backend-test/app/services/user_service.go:85.12,88.3 1 0
golang-backend-test/app/services/user_service.go:89.2,90.16 2 1
golang-backend-test/app/services/user_service.go:90.16,92.3 1 0
golang-backend-test/app/services/user_service.go:94.2,96.8 1 1
